mode: set
lmzsoftware.com/luigizuccarelli/golang-elasticsearch-interface/pkg/validator/validate.go:13.59,17.27 4 1
lmzsoftware.com/luigizuccarelli/golang-elasticsearch-interface/pkg/validator/validate.go:25.2,25.12 1 1
lmzsoftware.com/luigizuccarelli/golang-elasticsearch-interface/pkg/validator/validate.go:17.27,18.15 1 1
lmzsoftware.com/luigizuccarelli/golang-elasticsearch-interface/pkg/validator/validate.go:23.3,23.69 1 1
lmzsoftware.com/luigizuccarelli/golang-elasticsearch-interface/pkg/validator/validate.go:18.15,21.4 2 1
lmzsoftware.com/luigizuccarelli/golang-elasticsearch-interface/pkg/validator/validate.go:30.50,38.23 2 1
lmzsoftware.com/luigizuccarelli/golang-elasticsearch-interface/pkg/validator/validate.go:43.2,43.12 1 1
lmzsoftware.com/luigizuccarelli/golang-elasticsearch-interface/pkg/validator/validate.go:38.23,39.54 1 1
lmzsoftware.com/luigizuccarelli/golang-elasticsearch-interface/pkg/validator/validate.go:39.54,41.4 1 1
lmzsoftware.com/luigizuccarelli/golang-elasticsearch-interface/pkg/connectors/fake-connectors.go:26.68,27.23 1 1
lmzsoftware.com/luigizuccarelli/golang-elasticsearch-interface/pkg/connectors/fake-connectors.go:30.2,30.23 1 1
lmzsoftware.com/luigizuccarelli/golang-elasticsearch-interface/pkg/connectors/fake-connectors.go:27.23,29.3 1 1
lmzsoftware.com/luigizuccarelli/golang-elasticsearch-interface/pkg/connectors/fake-connectors.go:33.38,35.2 1 1
lmzsoftware.com/luigizuccarelli/golang-elasticsearch-interface/pkg/connectors/fake-connectors.go:41.77,43.2 1 1
lmzsoftware.com/luigizuccarelli/golang-elasticsearch-interface/pkg/connectors/fake-connectors.go:46.55,50.2 1 1
lmzsoftware.com/luigizuccarelli/golang-elasticsearch-interface/pkg/connectors/fake-connectors.go:53.78,58.16 2 1
lmzsoftware.com/luigizuccarelli/golang-elasticsearch-interface/pkg/connectors/fake-connectors.go:62.2,62.73 1 1
lmzsoftware.com/luigizuccarelli/golang-elasticsearch-interface/pkg/connectors/fake-connectors.go:72.2,73.14 2 1
lmzsoftware.com/luigizuccarelli/golang-elasticsearch-interface/pkg/connectors/fake-connectors.go:58.16,60.13 2 0
lmzsoftware.com/luigizuccarelli/golang-elasticsearch-interface/pkg/connectors/fake-connectors.go:62.73,71.3 1 1
lmzsoftware.com/luigizuccarelli/golang-elasticsearch-interface/pkg/connectors/client-implementation.go:16.60,18.2 1 1
lmzsoftware.com/luigizuccarelli/golang-elasticsearch-interface/pkg/connectors/client-implementation.go:20.59,22.2 1 1
lmzsoftware.com/luigizuccarelli/golang-elasticsearch-interface/pkg/connectors/client-implementation.go:24.60,26.2 1 1
lmzsoftware.com/luigizuccarelli/golang-elasticsearch-interface/pkg/connectors/client-implementation.go:28.60,30.2 1 1
lmzsoftware.com/luigizuccarelli/golang-elasticsearch-interface/pkg/connectors/client-implementation.go:33.88,38.23 3 1
lmzsoftware.com/luigizuccarelli/golang-elasticsearch-interface/pkg/connectors/client-implementation.go:42.2,43.16 2 1
lmzsoftware.com/luigizuccarelli/golang-elasticsearch-interface/pkg/connectors/client-implementation.go:47.2,47.17 1 1
lmzsoftware.com/luigizuccarelli/golang-elasticsearch-interface/pkg/connectors/client-implementation.go:52.2,56.16 4 1
lmzsoftware.com/luigizuccarelli/golang-elasticsearch-interface/pkg/connectors/client-implementation.go:60.2,62.16 3 1
lmzsoftware.com/luigizuccarelli/golang-elasticsearch-interface/pkg/connectors/client-implementation.go:67.2,69.12 3 1
lmzsoftware.com/luigizuccarelli/golang-elasticsearch-interface/pkg/connectors/client-implementation.go:38.23,41.3 2 1
lmzsoftware.com/luigizuccarelli/golang-elasticsearch-interface/pkg/connectors/client-implementation.go:43.16,46.3 2 0
lmzsoftware.com/luigizuccarelli/golang-elasticsearch-interface/pkg/connectors/client-implementation.go:47.17,49.3 1 1
lmzsoftware.com/luigizuccarelli/golang-elasticsearch-interface/pkg/connectors/client-implementation.go:49.8,51.3 1 1
lmzsoftware.com/luigizuccarelli/golang-elasticsearch-interface/pkg/connectors/client-implementation.go:56.16,59.3 2 1
lmzsoftware.com/luigizuccarelli/golang-elasticsearch-interface/pkg/connectors/client-implementation.go:62.16,65.3 2 0
lmzsoftware.com/luigizuccarelli/golang-elasticsearch-interface/pkg/connectors/client-implementation.go:73.80,139.16 6 1
lmzsoftware.com/luigizuccarelli/golang-elasticsearch-interface/pkg/connectors/client-implementation.go:143.2,145.16 3 1
lmzsoftware.com/luigizuccarelli/golang-elasticsearch-interface/pkg/connectors/client-implementation.go:150.2,152.18 3 1
lmzsoftware.com/luigizuccarelli/golang-elasticsearch-interface/pkg/connectors/client-implementation.go:139.16,142.3 2 0
lmzsoftware.com/luigizuccarelli/golang-elasticsearch-interface/pkg/connectors/client-implementation.go:145.16,148.3 2 0
lmzsoftware.com/luigizuccarelli/golang-elasticsearch-interface/pkg/handlers/fake-connectors.go:20.52,22.2 1 1
lmzsoftware.com/luigizuccarelli/golang-elasticsearch-interface/pkg/handlers/fake-connectors.go:32.84,33.24 1 1
lmzsoftware.com/luigizuccarelli/golang-elasticsearch-interface/pkg/handlers/fake-connectors.go:36.2,37.15 2 1
lmzsoftware.com/luigizuccarelli/golang-elasticsearch-interface/pkg/handlers/fake-connectors.go:33.24,35.3 1 1
lmzsoftware.com/luigizuccarelli/golang-elasticsearch-interface/pkg/handlers/fake-connectors.go:41.92,42.24 1 1
lmzsoftware.com/luigizuccarelli/golang-elasticsearch-interface/pkg/handlers/fake-connectors.go:45.2,45.12 1 1
lmzsoftware.com/luigizuccarelli/golang-elasticsearch-interface/pkg/handlers/fake-connectors.go:42.24,44.3 1 1
lmzsoftware.com/luigizuccarelli/golang-elasticsearch-interface/pkg/handlers/fake-connectors.go:49.64,51.2 1 1
lmzsoftware.com/luigizuccarelli/golang-elasticsearch-interface/pkg/handlers/fake-connectors.go:53.63,55.2 1 1
lmzsoftware.com/luigizuccarelli/golang-elasticsearch-interface/pkg/handlers/fake-connectors.go:57.64,59.2 1 0
lmzsoftware.com/luigizuccarelli/golang-elasticsearch-interface/pkg/handlers/fake-connectors.go:61.64,63.2 1 1
lmzsoftware.com/luigizuccarelli/golang-elasticsearch-interface/pkg/handlers/fake-connectors.go:65.44,67.2 1 1
lmzsoftware.com/luigizuccarelli/golang-elasticsearch-interface/pkg/handlers/fake-connectors.go:70.72,72.2 1 0
lmzsoftware.com/luigizuccarelli/golang-elasticsearch-interface/pkg/handlers/fake-connectors.go:75.93,84.2 4 1
lmzsoftware.com/luigizuccarelli/golang-elasticsearch-interface/pkg/handlers/handler.go:23.86,32.19 4 1
lmzsoftware.com/luigizuccarelli/golang-elasticsearch-interface/pkg/handlers/handler.go:35.2,36.16 2 1
lmzsoftware.com/luigizuccarelli/golang-elasticsearch-interface/pkg/handlers/handler.go:44.2,48.17 3 1
lmzsoftware.com/luigizuccarelli/golang-elasticsearch-interface/pkg/handlers/handler.go:55.2,56.14 2 1
lmzsoftware.com/luigizuccarelli/golang-elasticsearch-interface/pkg/handlers/handler.go:64.2,66.8 3 1
lmzsoftware.com/luigizuccarelli/golang-elasticsearch-interface/pkg/handlers/handler.go:32.19,34.3 1 0
lmzsoftware.com/luigizuccarelli/golang-elasticsearch-interface/pkg/handlers/handler.go:36.16,42.3 5 1
lmzsoftware.com/luigizuccarelli/golang-elasticsearch-interface/pkg/handlers/handler.go:48.17,54.3 5 1
lmzsoftware.com/luigizuccarelli/golang-elasticsearch-interface/pkg/handlers/handler.go:56.14,62.3 5 1
lmzsoftware.com/luigizuccarelli/golang-elasticsearch-interface/pkg/handlers/handler.go:70.84,78.24 4 1
lmzsoftware.com/luigizuccarelli/golang-elasticsearch-interface/pkg/handlers/handler.go:78.24,80.17 2 1
lmzsoftware.com/luigizuccarelli/golang-elasticsearch-interface/pkg/handlers/handler.go:88.3,92.18 3 1
lmzsoftware.com/luigizuccarelli/golang-elasticsearch-interface/pkg/handlers/handler.go:101.3,102.17 2 1
lmzsoftware.com/luigizuccarelli/golang-elasticsearch-interface/pkg/handlers/handler.go:110.3,116.9 6 1
lmzsoftware.com/luigizuccarelli/golang-elasticsearch-interface/pkg/handlers/handler.go:80.17,86.4 5 1
lmzsoftware.com/luigizuccarelli/golang-elasticsearch-interface/pkg/handlers/handler.go:92.18,98.4 5 1
lmzsoftware.com/luigizuccarelli/golang-elasticsearch-interface/pkg/handlers/handler.go:102.17,108.4 5 1
lmzsoftware.com/luigizuccarelli/golang-elasticsearch-interface/pkg/handlers/handler.go:123.108,127.2 3 1
lmzsoftware.com/luigizuccarelli/golang-elasticsearch-interface/pkg/handlers/handler.go:130.54,134.2 3 1
lmzsoftware.com/luigizuccarelli/golang-elasticsearch-interface/pkg/handlers/handler.go:137.57,138.35 1 1
lmzsoftware.com/luigizuccarelli/golang-elasticsearch-interface/pkg/handlers/handler.go:141.2,145.151 4 1
lmzsoftware.com/luigizuccarelli/golang-elasticsearch-interface/pkg/handlers/handler.go:138.35,140.3 1 0
